[debug] [2021-07-18T20:02:26.902Z] ----------------------------------------------------------------------
[debug] [2021-07-18T20:02:26.909Z] Command:       C:\Program Files\nodejs\node.exe C:\Users\DoOrDie\AppData\Roaming\npm\node_modules\firebase-tools\lib\bin\firebase.js deploy
[debug] [2021-07-18T20:02:26.910Z] CLI Version:   9.16.0
[debug] [2021-07-18T20:02:26.910Z] Platform:      win32
[debug] [2021-07-18T20:02:26.911Z] Node Version:  v14.16.0
[debug] [2021-07-18T20:02:26.913Z] Time:          Mon Jul 19 2021 04:02:26 GMT+0800 (China Standard Time)
[debug] [2021-07-18T20:02:26.913Z] ----------------------------------------------------------------------
[debug] 
[debug] [2021-07-18T20:02:27.064Z] > command requires scopes: ["email","openid","https://www.googleapis.com/auth/cloudplatformprojects.readonly","https://www.googleapis.com/auth/firebase","https://www.googleapis.com/auth/cloud-platform"]
[debug] [2021-07-18T20:02:27.064Z] > authorizing via signed-in user (crypto.phantomguru@gmail.com)
[debug] [2021-07-18T20:02:27.064Z] [iam] checking project bitcake for permissions ["firebase.projects.get","firebasehosting.sites.update"]
[debug] [2021-07-18T20:02:27.067Z] > refreshing access token with scopes: ["email","https://www.googleapis.com/auth/cloud-platform","https://www.googleapis.com/auth/cloudplatformprojects.readonly","https://www.googleapis.com/auth/firebase","openid"]
[debug] [2021-07-18T20:02:27.068Z] >>> HTTP REQUEST POST https://www.googleapis.com/oauth2/v3/token  
 <request body omitted>
[debug] [2021-07-18T20:02:39.687Z] [iam] error while checking permissions, command may fail: FirebaseError: Authentication Error: Your credentials are no longer valid. Please run firebase login --reauth

For CI servers and headless environments, generate a new token with firebase login:ci
[debug] [2021-07-18T20:02:39.691Z] > refreshing access token with scopes: []
[debug] [2021-07-18T20:02:39.692Z] >>> HTTP REQUEST POST https://www.googleapis.com/oauth2/v3/token  
 <request body omitted>
[debug] [2021-07-18T20:02:51.702Z] Authentication Error: Your credentials are no longer valid. Please run firebase login --reauth

For CI servers and headless environments, generate a new token with firebase login:ci
[debug] [2021-07-18T20:02:51.709Z] FirebaseError: Authentication Error: Your credentials are no longer valid. Please run firebase login --reauth

For CI servers and headless environments, generate a new token with firebase login:ci
    at invalidCredentialError (C:\Users\DoOrDie\AppData\Roaming\npm\node_modules\firebase-tools\lib\auth.js:141:12)
    at refreshTokens (C:\Users\DoOrDie\AppData\Roaming\npm\node_modules\firebase-tools\lib\auth.js:448:15)
    at processTicksAndRejections (internal/process/task_queues.js:93:5)
    at async Client.getAccessToken (C:\Users\DoOrDie\AppData\Roaming\npm\node_modules\firebase-tools\lib\apiv2.js:144:23)
    at async Client.addAuthHeader (C:\Users\DoOrDie\AppData\Roaming\npm\node_modules\firebase-tools\lib\apiv2.js:135:21)
    at async Client.request (C:\Users\DoOrDie\AppData\Roaming\npm\node_modules\firebase-tools\lib\apiv2.js:93:34)
    at async Object.getFirebaseProject (C:\Users\DoOrDie\AppData\Roaming\npm\node_modules\firebase-tools\lib\management\projects.js:290:21)
    at async Object.getDefaultHostingSite (C:\Users\DoOrDie\AppData\Roaming\npm\node_modules\firebase-tools\lib\getDefaultHostingSite.js:8:21)
    at async requireHostingSite (C:\Users\DoOrDie\AppData\Roaming\npm\node_modules\firebase-tools\lib\requireHostingSite.js:9:18)
    at async Object.fn (C:\Users\DoOrDie\AppData\Roaming\npm\node_modules\firebase-tools\lib\commands\deploy.js:65:9)
    at async C:\Users\DoOrDie\AppData\Roaming\npm\node_modules\firebase-tools\lib\command.js:169:17
[error] 
[error] Error: Failed to get Firebase project bitcake. Please make sure the project exists and your account has permission to access it.
[debug] [2021-07-18T20:31:38.175Z] ----------------------------------------------------------------------
[debug] [2021-07-18T20:31:38.180Z] Command:       C:\Program Files\nodejs\node.exe C:\Users\DoOrDie\AppData\Roaming\npm\node_modules\firebase-tools\lib\bin\firebase.js deploy
[debug] [2021-07-18T20:31:38.181Z] CLI Version:   9.16.0
[debug] [2021-07-18T20:31:38.182Z] Platform:      win32
[debug] [2021-07-18T20:31:38.182Z] Node Version:  v14.16.0
[debug] [2021-07-18T20:31:38.183Z] Time:          Mon Jul 19 2021 04:31:38 GMT+0800 (China Standard Time)
[debug] [2021-07-18T20:31:38.183Z] ----------------------------------------------------------------------
[debug] 
[debug] [2021-07-18T20:31:38.326Z] > command requires scopes: ["email","openid","https://www.googleapis.com/auth/cloudplatformprojects.readonly","https://www.googleapis.com/auth/firebase","https://www.googleapis.com/auth/cloud-platform"]
[debug] [2021-07-18T20:31:38.326Z] > authorizing via signed-in user (crypto.phantomguru@gmail.com)
[debug] [2021-07-18T20:31:38.327Z] [iam] checking project bitcake for permissions ["firebase.projects.get","firebasehosting.sites.update"]
[debug] [2021-07-18T20:31:38.332Z] > refreshing access token with scopes: ["email","https://www.googleapis.com/auth/cloud-platform","https://www.googleapis.com/auth/cloudplatformprojects.readonly","https://www.googleapis.com/auth/firebase","openid"]
[debug] [2021-07-18T20:31:38.333Z] >>> HTTP REQUEST POST https://www.googleapis.com/oauth2/v3/token  
 <request body omitted>
[debug] [2021-07-18T20:31:38.373Z] [iam] error while checking permissions, command may fail: FirebaseError: Authentication Error: Your credentials are no longer valid. Please run firebase login --reauth

For CI servers and headless environments, generate a new token with firebase login:ci
[debug] [2021-07-18T20:31:38.375Z] > refreshing access token with scopes: []
[debug] [2021-07-18T20:31:38.375Z] >>> HTTP REQUEST POST https://www.googleapis.com/oauth2/v3/token  
 <request body omitted>
[debug] [2021-07-18T20:31:38.381Z] Authentication Error: Your credentials are no longer valid. Please run firebase login --reauth

For CI servers and headless environments, generate a new token with firebase login:ci
[debug] [2021-07-18T20:31:38.383Z] FirebaseError: Authentication Error: Your credentials are no longer valid. Please run firebase login --reauth

For CI servers and headless environments, generate a new token with firebase login:ci
    at invalidCredentialError (C:\Users\DoOrDie\AppData\Roaming\npm\node_modules\firebase-tools\lib\auth.js:141:12)
    at refreshTokens (C:\Users\DoOrDie\AppData\Roaming\npm\node_modules\firebase-tools\lib\auth.js:448:15)
    at processTicksAndRejections (internal/process/task_queues.js:93:5)
    at async Client.getAccessToken (C:\Users\DoOrDie\AppData\Roaming\npm\node_modules\firebase-tools\lib\apiv2.js:144:23)
    at async Client.addAuthHeader (C:\Users\DoOrDie\AppData\Roaming\npm\node_modules\firebase-tools\lib\apiv2.js:135:21)
    at async Client.request (C:\Users\DoOrDie\AppData\Roaming\npm\node_modules\firebase-tools\lib\apiv2.js:93:34)
    at async Object.getFirebaseProject (C:\Users\DoOrDie\AppData\Roaming\npm\node_modules\firebase-tools\lib\management\projects.js:290:21)
    at async Object.getDefaultHostingSite (C:\Users\DoOrDie\AppData\Roaming\npm\node_modules\firebase-tools\lib\getDefaultHostingSite.js:8:21)
    at async requireHostingSite (C:\Users\DoOrDie\AppData\Roaming\npm\node_modules\firebase-tools\lib\requireHostingSite.js:9:18)
    at async Object.fn (C:\Users\DoOrDie\AppData\Roaming\npm\node_modules\firebase-tools\lib\commands\deploy.js:65:9)
    at async C:\Users\DoOrDie\AppData\Roaming\npm\node_modules\firebase-tools\lib\command.js:169:17
[error] 
[error] Error: Failed to get Firebase project bitcake. Please make sure the project exists and your account has permission to access it.
